<?xml version="1.0" encoding="UTF-8"?>
<testsuite name="com.ssafy.SingsingtimeApplicationTests" tests="1" skipped="0" failures="0" errors="0" timestamp="2023-01-18T07:59:12" hostname="DESKTOP-DOGVPUB" time="0.09">
  <properties/>
  <testcase name="contextLoads()" classname="com.ssafy.SingsingtimeApplicationTests" time="0.09"/>
  <system-out><![CDATA[16:59:05.089 [Test worker] DEBUG org.springframework.test.context.BootstrapUtils - Instantiating CacheAwareContextLoaderDelegate from class [org.springframework.test.context.cache.DefaultCacheAwareContextLoaderDelegate]
16:59:05.100 [Test worker] DEBUG org.springframework.test.context.BootstrapUtils - Instantiating BootstrapContext using constructor [public org.springframework.test.context.support.DefaultBootstrapContext(java.lang.Class,org.springframework.test.context.CacheAwareContextLoaderDelegate)]
16:59:05.135 [Test worker] DEBUG org.springframework.test.context.BootstrapUtils - Instantiating TestContextBootstrapper for test class [com.ssafy.SingsingtimeApplicationTests] from class [org.springframework.boot.test.context.SpringBootTestContextBootstrapper]
16:59:05.146 [Test worker] INFO org.springframework.boot.test.context.SpringBootTestContextBootstrapper - Neither @ContextConfiguration nor @ContextHierarchy found for test class [com.ssafy.SingsingtimeApplicationTests], using SpringBootContextLoader
16:59:05.151 [Test worker] DEBUG org.springframework.test.context.support.AbstractContextLoader - Did not detect default resource location for test class [com.ssafy.SingsingtimeApplicationTests]: class path resource [com/ssafy/SingsingtimeApplicationTests-context.xml] does not exist
16:59:05.151 [Test worker] DEBUG org.springframework.test.context.support.AbstractContextLoader - Did not detect default resource location for test class [com.ssafy.SingsingtimeApplicationTests]: class path resource [com/ssafy/SingsingtimeApplicationTestsContext.groovy] does not exist
16:59:05.152 [Test worker] INFO org.springframework.test.context.support.AbstractContextLoader - Could not detect default resource locations for test class [com.ssafy.SingsingtimeApplicationTests]: no resource found for suffixes {-context.xml, Context.groovy}.
16:59:05.152 [Test worker] INFO org.springframework.test.context.support.AnnotationConfigContextLoaderUtils - Could not detect default configuration classes for test class [com.ssafy.SingsingtimeApplicationTests]: SingsingtimeApplicationTests does not declare any static, non-private, non-final, nested classes annotated with @Configuration.
16:59:05.200 [Test worker] DEBUG org.springframework.test.context.support.ActiveProfilesUtils - Could not find an 'annotation declaring class' for annotation type [org.springframework.test.context.ActiveProfiles] and class [com.ssafy.SingsingtimeApplicationTests]
16:59:05.255 [Test worker] DEBUG org.springframework.context.annotation.ClassPathScanningCandidateComponentProvider - Identified candidate component class: file [C:\SSAFY\C105_SUBPJT2_1\S08P12C105\singsingtime\build\classes\java\main\com\ssafy\SingsingtimeApplication.class]
16:59:05.256 [Test worker] INFO org.springframework.boot.test.context.SpringBootTestContextBootstrapper - Found @SpringBootConfiguration com.ssafy.SingsingtimeApplication for test class com.ssafy.SingsingtimeApplicationTests
16:59:05.357 [Test worker] DEBUG org.springframework.boot.test.context.SpringBootTestContextBootstrapper - @TestExecutionListeners is not present for class [com.ssafy.SingsingtimeApplicationTests]: using defaults.
16:59:05.358 [Test worker] INFO org.springframework.boot.test.context.SpringBootTestContextBootstrapper - Loaded default TestExecutionListener class names from location [META-INF/spring.factories]: [org.springframework.security.test.context.support.WithSecurityContextTestExecutionListener, org.springframework.security.test.context.support.ReactorContextTestExecutionListener, org.springframework.boot.test.autoconfigure.restdocs.RestDocsTestExecutionListener, org.springframework.boot.test.autoconfigure.web.client.MockRestServiceServerResetTestExecutionListener, org.springframework.boot.test.autoconfigure.web.servlet.MockMvcPrintOnlyOnFailureTestExecutionListener, org.springframework.boot.test.autoconfigure.web.servlet.WebDriverTestExecutionListener, org.springframework.boot.test.autoconfigure.webservices.client.MockWebServiceServerTestExecutionListener, org.springframework.boot.test.mock.mockito.MockitoTestExecutionListener, org.springframework.boot.test.mock.mockito.ResetMocksTestExecutionListener, org.springframework.test.context.web.ServletTestExecutionListener, org.springframework.test.context.support.DirtiesContextBeforeModesTestExecutionListener, org.springframework.test.context.event.ApplicationEventsTestExecutionListener, org.springframework.test.context.support.DependencyInjectionTestExecutionListener, org.springframework.test.context.support.DirtiesContextTestExecutionListener, org.springframework.test.context.transaction.TransactionalTestExecutionListener, org.springframework.test.context.jdbc.SqlScriptsTestExecutionListener, org.springframework.test.context.event.EventPublishingTestExecutionListener]
16:59:05.381 [Test worker] INFO org.springframework.boot.test.context.SpringBootTestContextBootstrapper - Using TestExecutionListeners: [org.springframework.test.context.web.ServletTestExecutionListener@36b6964d, org.springframework.test.context.support.DirtiesContextBeforeModesTestExecutionListener@31198ceb, org.springframework.test.context.event.ApplicationEventsTestExecutionListener@9257031, org.springframework.boot.test.mock.mockito.MockitoTestExecutionListener@75201592, org.springframework.boot.test.autoconfigure.SpringBootDependencyInjectionTestExecutionListener@7726e185, org.springframework.test.context.support.DirtiesContextTestExecutionListener@aa5455e, org.springframework.test.context.transaction.TransactionalTestExecutionListener@282308c3, org.springframework.test.context.jdbc.SqlScriptsTestExecutionListener@5dda14d0, org.springframework.security.test.context.support.WithSecurityContextTestExecutionListener@1db0ec27, org.springframework.test.context.event.EventPublishingTestExecutionListener@3d9fc57a, org.springframework.security.test.context.support.ReactorContextTestExecutionListener@d4ab71a, org.springframework.boot.test.autoconfigure.restdocs.RestDocsTestExecutionListener@3b4ef7, org.springframework.boot.test.autoconfigure.web.client.MockRestServiceServerResetTestExecutionListener@1af05b03, org.springframework.boot.test.autoconfigure.web.servlet.MockMvcPrintOnlyOnFailureTestExecutionListener@5987e932, org.springframework.boot.test.autoconfigure.web.servlet.WebDriverTestExecutionListener@1ad777f, org.springframework.boot.test.autoconfigure.webservices.client.MockWebServiceServerTestExecutionListener@5bbbdd4b, org.springframework.boot.test.mock.mockito.ResetMocksTestExecutionListener@438bad7c]
16:59:05.385 [Test worker] DEBUG org.springframework.test.context.support.AbstractDirtiesContextTestExecutionListener - Before test class: context [DefaultTestContext@76b0ae1b testClass = SingsingtimeApplicationTests, testInstance = [null], testMethod = [null], testException = [null], mergedContextConfiguration = [WebMergedContextConfiguration@130a0f66 testClass = SingsingtimeApplicationTests, locations = '{}', classes = '{class com.ssafy.SingsingtimeApplication}', contextInitializerClasses = '[]', activeProfiles = '{}', propertySourceLocations = '{}', propertySourceProperties = '{org.springframework.boot.test.context.SpringBootTestContextBootstrapper=true}', contextCustomizers = set[org.springframework.boot.test.autoconfigure.actuate.metrics.MetricsExportContextCustomizerFactory$DisableMetricExportContextCustomizer@1e1d3956, org.springframework.boot.test.autoconfigure.properties.PropertyMappingContextCustomizer@0, org.springframework.boot.test.autoconfigure.web.servlet.WebDriverContextCustomizerFactory$Customizer@15eebbff, org.springframework.boot.test.context.filter.ExcludeFilterContextCustomizer@2dbe250d, org.springframework.boot.test.json.DuplicateJsonObjectContextCustomizerFactory$DuplicateJsonObjectContextCustomizer@3e34ace1, org.springframework.boot.test.mock.mockito.MockitoContextCustomizer@0, org.springframework.boot.test.web.client.TestRestTemplateContextCustomizer@21aa6d6c, org.springframework.boot.test.context.SpringBootTestArgs@1, org.springframework.boot.test.context.SpringBootTestWebEnvironment@7cb502c], resourceBasePath = 'src/main/webapp', contextLoader = 'org.springframework.boot.test.context.SpringBootContextLoader', parent = [null]], attributes = map['org.springframework.test.context.web.ServletTestExecutionListener.activateListener' -> true]], class annotated with @DirtiesContext [false] with mode [null].
16:59:05.413 [Test worker] DEBUG org.springframework.test.context.support.TestPropertySourceUtils - Adding inlined properties to environment: {spring.jmx.enabled=false, org.springframework.boot.test.context.SpringBootTestContextBootstrapper=true}

  .   ____          _            __ _ _
 /\\ / ___'_ __ _ _(_)_ __  __ _ \ \ \ \
( ( )\___ | '_ | '_| | '_ \/ _` | \ \ \ \
 \\/  ___)| |_)| | | | | || (_| |  ) ) ) )
  '  |____| .__|_| |_|_| |_\__, | / / / /
 =========|_|==============|___/=/_/_/_/
 :: Spring Boot ::                (v2.4.5)

2023-01-18 16:59:05.660  INFO 15444 --- [    Test worker] com.ssafy.SingsingtimeApplicationTests   : Starting SingsingtimeApplicationTests using Java 11.0.17 on DESKTOP-DOGVPUB with PID 15444 (started by SSAFY in C:\SSAFY\C105_SUBPJT2_1\S08P12C105\singsingtime)
2023-01-18 16:59:05.667  INFO 15444 --- [    Test worker] com.ssafy.SingsingtimeApplicationTests   : No active profile set, falling back to default profiles: default
2023-01-18 16:59:05.703 DEBUG 15444 --- [    Test worker] o.s.w.c.s.GenericWebApplicationContext   : Refreshing org.springframework.web.context.support.GenericWebApplicationContext@58294867
2023-01-18 16:59:06.731  INFO 15444 --- [    Test worker] .s.d.r.c.RepositoryConfigurationDelegate : Bootstrapping Spring Data JPA repositories in DEFAULT mode.
2023-01-18 16:59:06.804  INFO 15444 --- [    Test worker] .s.d.r.c.RepositoryConfigurationDelegate : Finished Spring Data repository scanning in 63 ms. Found 1 JPA repository interfaces.
2023-01-18 16:59:07.155  INFO 15444 --- [    Test worker] trationDelegate$BeanPostProcessorChecker : Bean 'org.springframework.security.access.expression.method.DefaultMethodSecurityExpressionHandler@26463a6' of type [org.springframework.security.access.expression.method.DefaultMethodSecurityExpressionHandler] is not eligible for getting processed by all BeanPostProcessors (for example: not eligible for auto-proxying)
2023-01-18 16:59:07.170  INFO 15444 --- [    Test worker] trationDelegate$BeanPostProcessorChecker : Bean 'methodSecurityMetadataSource' of type [org.springframework.security.access.method.DelegatingMethodSecurityMetadataSource] is not eligible for getting processed by all BeanPostProcessors (for example: not eligible for auto-proxying)
2023-01-18 16:59:07.453  INFO 15444 --- [    Test worker] o.hibernate.jpa.internal.util.LogHelper  : HHH000204: Processing PersistenceUnitInfo [name: default]
2023-01-18 16:59:07.520  INFO 15444 --- [    Test worker] org.hibernate.Version                    : HHH000412: Hibernate ORM core version 5.4.30.Final
2023-01-18 16:59:07.667  INFO 15444 --- [    Test worker] o.hibernate.annotations.common.Version   : HCANN000001: Hibernate Commons Annotations {5.1.2.Final}
2023-01-18 16:59:07.785  INFO 15444 --- [    Test worker] com.zaxxer.hikari.HikariDataSource       : HikariPool-1 - Starting...
2023-01-18 16:59:08.037  INFO 15444 --- [    Test worker] com.zaxxer.hikari.HikariDataSource       : HikariPool-1 - Start completed.
2023-01-18 16:59:08.054  INFO 15444 --- [    Test worker] org.hibernate.dialect.Dialect            : HHH000400: Using dialect: org.hibernate.dialect.MySQL57Dialect
2023-01-18 16:59:09.211  INFO 15444 --- [    Test worker] o.h.e.t.j.p.i.JtaPlatformInitiator       : HHH000490: Using JtaPlatform implementation: [org.hibernate.engine.transaction.jta.platform.internal.NoJtaPlatform]
2023-01-18 16:59:09.220  INFO 15444 --- [    Test worker] j.LocalContainerEntityManagerFactoryBean : Initialized JPA EntityManagerFactory for persistence unit 'default'
2023-01-18 16:59:09.595  WARN 15444 --- [    Test worker] JpaBaseConfiguration$JpaWebConfiguration : spring.jpa.open-in-view is enabled by default. Therefore, database queries may be performed during view rendering. Explicitly configure spring.jpa.open-in-view to disable this warning
2023-01-18 16:59:10.329 DEBUG 15444 --- [    Test worker] s.w.s.m.m.a.RequestMappingHandlerMapping : 15 mappings in 'requestMappingHandlerMapping'
2023-01-18 16:59:10.518  INFO 15444 --- [    Test worker] o.s.b.a.e.web.EndpointLinksResolver      : Exposing 2 endpoint(s) beneath base path '/actuator'
2023-01-18 16:59:10.867  INFO 15444 --- [    Test worker] o.s.s.web.DefaultSecurityFilterChain     : Will secure any request with [org.springframework.security.web.context.request.async.WebAsyncManagerIntegrationFilter@58fa8762, org.springframework.security.web.context.SecurityContextPersistenceFilter@720b52a7, org.springframework.security.web.header.HeaderWriterFilter@f2e28c7, org.springframework.web.filter.CorsFilter@8cd00bc, org.springframework.security.web.authentication.logout.LogoutFilter@1a91d15f, com.ssafy.common.auth.JwtAuthenticationFilter@5035c23c, org.springframework.security.web.savedrequest.RequestCacheAwareFilter@48bafe39, org.springframework.security.web.servletapi.SecurityContextHolderAwareRequestFilter@16c9ec5b, org.springframework.security.web.authentication.AnonymousAuthenticationFilter@4149067d, org.springframework.security.web.session.SessionManagementFilter@7793eaca, org.springframework.security.web.access.ExceptionTranslationFilter@62291850, org.springframework.security.web.access.intercept.FilterSecurityInterceptor@28dae87e]
2023-01-18 16:59:11.124  INFO 15444 --- [    Test worker] o.s.s.concurrent.ThreadPoolTaskExecutor  : Initializing ExecutorService 'applicationTaskExecutor'
2023-01-18 16:59:11.141 DEBUG 15444 --- [    Test worker] s.w.s.m.m.a.RequestMappingHandlerAdapter : ControllerAdvice beans: 0 @ModelAttribute, 0 @InitBinder, 1 RequestBodyAdvice, 1 ResponseBodyAdvice
2023-01-18 16:59:11.204 DEBUG 15444 --- [    Test worker] o.s.w.s.handler.SimpleUrlHandlerMapping  : Patterns [/swagger-ui/] in 'viewControllerHandlerMapping'
2023-01-18 16:59:11.227 DEBUG 15444 --- [    Test worker] o.s.w.s.c.annotation.WebMvcConfigurer    : Default resource handling disabled
2023-01-18 16:59:11.470 DEBUG 15444 --- [    Test worker] o.s.w.s.handler.SimpleUrlHandlerMapping  : Patterns [/resources/**, /swagger-ui.html, /webjars/**, /css/**, /fonts/**, /icons/**, /img/**, /js/**, /swagger-ui/**] in 'resourceHandlerMapping'
2023-01-18 16:59:11.488 DEBUG 15444 --- [    Test worker] .m.m.a.ExceptionHandlerExceptionResolver : ControllerAdvice beans: 1 @ExceptionHandler, 1 ResponseBodyAdvice
2023-01-18 16:59:12.049  INFO 15444 --- [    Test worker] com.ssafy.SingsingtimeApplicationTests   : Started SingsingtimeApplicationTests in 6.632 seconds (JVM running for 7.918)
]]></system-out>
  <system-err><![CDATA[]]></system-err>
</testsuite>
